2020-02-55 22:02:326 ERROR App:12 - enter price
2020-02-55 22:02:219 ERROR App:14 - enter rate of interest
2020-02-55 22:02:267 ERROR App:16 - enter time in years
2020-02-55 22:02:03 ERROR Simple:12 - simple interest=2.04
2020-02-55 22:02:03 ERROR Simple:13 - compound interest=36.081072000000006
2020-02-55 22:02:03 ERROR App:19 - choose the constuction type you want
2020-02-55 22:02:03 ERROR App:20 - 1.standard material
2020-02-55 22:02:03 ERROR App:21 - 2.above standard material
2020-02-55 22:02:03 ERROR App:22 - 3.high standard material
2020-02-55 22:02:03 ERROR App:23 - 4.automated home
2020-02-55 22:02:331 ERROR App:26 - enter the area of land in sqfeet
2020-02-55 22:02:272 ERROR Standard:20 - the total cost of construction is=  61200.0
2020-02-55 22:02:426 ERROR App:12 - enter price
2020-02-55 22:02:910 ERROR App:14 - enter rate of interest
2020-02-55 22:02:769 ERROR App:16 - enter time in years
2020-02-55 22:02:440 ERROR Simple:12 - simple interest=0.12
2020-02-55 22:02:440 ERROR Simple:13 - compound interest=2.1218
2020-02-55 22:02:440 ERROR App:19 - choose the constuction type you want
2020-02-55 22:02:440 ERROR App:20 - 1.standard material
2020-02-55 22:02:440 ERROR App:21 - 2.above standard material
2020-02-55 22:02:440 ERROR App:22 - 3.high standard material
2020-02-55 22:02:440 ERROR App:23 - 4.automated home
2020-02-55 22:02:595 ERROR App:26 - enter the area of land in sqfeet
2020-02-55 22:02:578 ERROR Standard:10 - the total cost of construction is=  27600.0
